d:\source\repos\tf2\tf2\debug\vc142.pdb
d:\source\repos\tf2\tf2\debug\vc142.idb
d:\source\repos\tf2\tf2\debug\main.obj
d:\source\repos\tf2\tf2\debug\geometry.obj
d:\source\repos\tf2\tf2\debug\cheat.obj
d:\source\repos\tf2\debug\tf2.dll
d:\source\repos\tf2\tf2\debug\tf2.ilk
d:\source\repos\tf2\debug\tf2.pdb
d:\source\repos\tf2\tf2\debug\drawing.obj
d:\source\repos\tf2\tf2\debug\hook.obj
d:\source\repos\tf2\tf2\debug\math.obj
d:\source\repos\tf2\tf2\debug\offsets.obj
d:\source\repos\tf2\tf2\debug\cheat.obj.enc
d:\source\repos\tf2\tf2\debug\hook.obj.enc
d:\source\repos\tf2\tf2\debug\tf2.tlog\cl.command.1.tlog
d:\source\repos\tf2\tf2\debug\tf2.tlog\cl.read.1.tlog
d:\source\repos\tf2\tf2\debug\tf2.tlog\cl.write.1.tlog
d:\source\repos\tf2\tf2\debug\tf2.tlog\link.command.1.tlog
d:\source\repos\tf2\tf2\debug\tf2.tlog\link.read.1.tlog
d:\source\repos\tf2\tf2\debug\tf2.tlog\link.write.1.tlog
